#
# There is insufficient memory for the Java Runtime Environment to continue.
# Native memory allocation (mmap) failed to map 104333312 bytes for committing reserved memory.
# Possible reasons:
#   The system is out of physical RAM or swap space
#   In 32 bit mode, the process size limit was hit
# Possible solutions:
#   Reduce memory load on the system
#   Increase physical memory or swap space
#   Check if swap backing store is full
#   Use 64 bit Java on a 64 bit OS
#   Decrease Java heap size (-Xmx/-Xms)
#   Decrease number of Java threads
#   Decrease Java thread stack sizes (-Xss)
#   Set larger code cache with -XX:ReservedCodeCacheSize=
# This output file may be truncated or incomplete.
#
#  Out of Memory Error (os_linux.cpp:2627), pid=3922, tid=139913327458048
#
# JRE version: Java(TM) SE Runtime Environment (8.0_77-b03) (build 1.8.0_77-b03)
# Java VM: Java HotSpot(TM) 64-Bit Server VM (25.77-b03 mixed mode linux-amd64 compressed oops)
# Failed to write core dump. Core dumps have been disabled. To enable core dumping, try "ulimit -c unlimited" before starting Java again
#

---------------  T H R E A D  ---------------

Current thread (0x00007f4030078000):  VMThread [stack: 0x00007f401c1eb000,0x00007f401c2ec000] [id=3932]

Stack: [0x00007f401c1eb000,0x00007f401c2ec000],  sp=0x00007f401c2ea0a0,  free space=1020k
Native frames: (J=compiled Java code, j=interpreted, Vv=VM code, C=native code)
V  [libjvm.so+0xaba7ea]  VMError::report_and_die()+0x2ba
V  [libjvm.so+0x4f9e3b]  report_vm_out_of_memory(char const*, int, unsigned long, VMErrorType, char const*)+0x8b
V  [libjvm.so+0x91b613]  os::Linux::commit_memory_impl(char*, unsigned long, bool)+0x103
V  [libjvm.so+0x91bb69]  os::pd_commit_memory(char*, unsigned long, unsigned long, bool)+0x29
V  [libjvm.so+0x915e6a]  os::commit_memory(char*, unsigned long, unsigned long, bool)+0x2a
V  [libjvm.so+0x989543]  PSVirtualSpace::expand_by(unsigned long)+0x53
V  [libjvm.so+0x979e30]  PSOldGen::expand(unsigned long)+0x170
V  [libjvm.so+0x97a03b]  PSOldGen::resize(unsigned long)+0x1cb
V  [libjvm.so+0x981d11]  PSParallelCompact::invoke_no_policy(bool)+0x991
V  [libjvm.so+0x98766d]  PSScavenge::invoke()+0x1ad
V  [libjvm.so+0x93f300]  ParallelScavengeHeap::failed_mem_allocate(unsigned long)+0x70
V  [libjvm.so+0xabc207]  VM_ParallelGCFailedAllocation::doit()+0x97
V  [libjvm.so+0xac3c35]  VM_Operation::evaluate()+0x55
V  [libjvm.so+0xac200a]  VMThread::evaluate_operation(VM_Operation*)+0xba
V  [libjvm.so+0xac238e]  VMThread::loop()+0x1ce
V  [libjvm.so+0xac2800]  VMThread::run()+0x70
V  [libjvm.so+0x91d9d8]  java_start(Thread*)+0x108

VM_Operation (0x00007f400761dab0): ParallelGCFailedAllocation, mode: safepoint, requested by thread 0x00007f4030142000


---------------  P R O C E S S  ---------------

Java Threads: ( => current thread )
  0x00007f4030157000 JavaThread "pool-1-thread-4" [_thread_blocked, id=3945, stack(0x00007f400711b000,0x00007f400721c000)]
  0x00007f4030154800 JavaThread "pool-1-thread-3" [_thread_blocked, id=3944, stack(0x00007f400721c000,0x00007f400731d000)]
  0x00007f4030150800 JavaThread "pool-1-thread-2" [_thread_blocked, id=3943, stack(0x00007f400731d000,0x00007f400741e000)]
  0x00007f4030144800 JavaThread "pool-2-thread-1" [_thread_blocked, id=3942, stack(0x00007f400741e000,0x00007f400751f000)]
  0x00007f4030142000 JavaThread "pool-1-thread-1" [_thread_blocked, id=3941, stack(0x00007f400751f000,0x00007f4007620000)]
  0x00007f40300c1800 JavaThread "Service Thread" daemon [_thread_blocked, id=3939, stack(0x00007f4007721000,0x00007f4007822000)]
  0x00007f40300be000 JavaThread "C1 CompilerThread2" daemon [_thread_blocked, id=3938, stack(0x00007f4007822000,0x00007f4007923000)]
  0x00007f40300bc800 JavaThread "C2 CompilerThread1" daemon [_thread_blocked, id=3937, stack(0x00007f4007923000,0x00007f4007a24000)]
  0x00007f40300b9800 JavaThread "C2 CompilerThread0" daemon [_thread_blocked, id=3936, stack(0x00007f4007a24000,0x00007f4007b25000)]
  0x00007f40300b8000 JavaThread "Signal Dispatcher" daemon [_thread_blocked, id=3935, stack(0x00007f4007b25000,0x00007f4007c26000)]
  0x00007f4030084000 JavaThread "Finalizer" daemon [_thread_blocked, id=3934, stack(0x00007f4007eff000,0x00007f4008000000)]
  0x00007f403007f800 JavaThread "Reference Handler" daemon [_thread_blocked, id=3933, stack(0x00007f401c0ea000,0x00007f401c1eb000)]
  0x00007f403000a000 JavaThread "main" [_thread_blocked, id=3924, stack(0x00007f4036895000,0x00007f4036996000)]

Other Threads:
=>0x00007f4030078000 VMThread [stack: 0x00007f401c1eb000,0x00007f401c2ec000] [id=3932]
  0x00007f40300c4000 WatcherThread [stack: 0x00007f4007620000,0x00007f4007721000] [id=3940]

VM state:at safepoint (normal execution)

VM Mutex/Monitor currently owned by a thread:  ([mutex/lock_event])
[0x00007f4030005e50] ExpandHeap_lock - owner thread: 0x00007f4030078000
[0x00007f40300064d0] Threads_lock - owner thread: 0x00007f4030078000
[0x00007f40300069d0] Heap_lock - owner thread: 0x00007f4030142000

Heap:
 PSYoungGen      total 139776K, used 13769K [0x00000000eab00000, 0x00000000f9400000, 0x0000000100000000)
  eden space 120320K, 0% used [0x00000000eab00000,0x00000000eab00000,0x00000000f2080000)
  from space 19456K, 70% used [0x00000000f2080000,0x00000000f2df25d8,0x00000000f3380000)
  to   space 50176K, 0% used [0x00000000f6300000,0x00000000f6300000,0x00000000f9400000)
 ParOldGen       total 148992K, used 148930K [0x00000000c0000000, 0x00000000c9180000, 0x00000000eab00000)
  object space 148992K, 99% used [0x00000000c0000000,0x00000000c9170af0,0x00000000c9180000)
 Metaspace       used 6455K, capacity 7256K, committed 7424K, reserved 1056768K
  class space    used 613K, capacity 656K, committed 768K, reserved 1048576K

Card table byte_map: [0x00007f4020406000,0x00007f4020607000] byte_map_base: 0x00007f401fe06000

Marking Bits: (ParMarkBitMap*) 0x00007f4035d6e100
 Begin Bits: [0x00007f401deac000, 0x00007f401eeac000)
 End Bits:   [0x00007f401eeac000, 0x00007f401feac000)

Polling page: 0x00007f40369bb000

CodeCache: size=245760Kb used=7463Kb max_used=7463Kb free=238296Kb
 bounds [0x00007f40209c7000, 0x00007f4021117000, 0x00007f402f9c7000]
 total_blobs=2240 nmethods=1971 adapters=182
 compilation: enabled

Compilation events (10 events):
Event: 29.891 Thread 0x00007f40300be000 2371       2       com.android.dx.command.dexer.Main::checkClassName (124 bytes)
Event: 29.894 Thread 0x00007f40300be000 nmethod 2371 0x00007f402110b250 code [0x00007f402110b480, 0x00007f402110bc08]
Event: 29.894 Thread 0x00007f40300be000 2372       2       com.android.dx.command.dexer.Main::parseClass (33 bytes)
Event: 29.895 Thread 0x00007f40300be000 nmethod 2372 0x00007f402110aad0 code [0x00007f402110ac60, 0x00007f402110af78]
Event: 29.895 Thread 0x00007f40300be000 2373       2       com.android.dx.cf.direct.DirectClassFile::<init> (53 bytes)
Event: 29.896 Thread 0x00007f40300be000 nmethod 2373 0x00007f4021112610 code [0x00007f40211127a0, 0x00007f4021112a78]
Event: 29.896 Thread 0x00007f40300be000 2374       2       com.android.dx.rop.cst.StdConstantPool::<init> (38 bytes)
Event: 29.897 Thread 0x00007f40300be000 nmethod 2374 0x00007f4021112bd0 code [0x00007f4021112d40, 0x00007f4021112fe8]
Event: 29.897 Thread 0x00007f40300be000 2375   !   2       com.android.dx.command.dexer.Main$DirectClassFileConsumer::call (344 bytes)
Event: 29.952 Thread 0x00007f40300be000 nmethod 2375 0x00007f40211130d0 code [0x00007f4021113380, 0x00007f4021114408]

GC Heap History (10 events):
Event: 11.834 GC heap after
Heap after GC invocations=8 (full 0):
 PSYoungGen      total 135168K, used 14835K [0x00000000eab00000, 0x00000000f4b00000, 0x0000000100000000)
  eden space 120320K, 0% used [0x00000000eab00000,0x00000000eab00000,0x00000000f2080000)
  from space 14848K, 99% used [0x00000000f3380000,0x00000000f41fced8,0x00000000f4200000)
  to   space 19456K, 0% used [0x00000000f2080000,0x00000000f2080000,0x00000000f3380000)
 ParOldGen       total 42496K, used 20741K [0x00000000c0000000, 0x00000000c2980000, 0x00000000eab00000)
  object space 42496K, 48% used [0x00000000c0000000,0x00000000c14415b8,0x00000000c2980000)
 Metaspace       used 6130K, capacity 7000K, committed 7168K, reserved 1056768K
  class space    used 613K, capacity 656K, committed 768K, reserved 1048576K
}
Event: 18.032 GC heap before
{Heap before GC invocations=9 (full 0):
 PSYoungGen      total 135168K, used 135155K [0x00000000eab00000, 0x00000000f4b00000, 0x0000000100000000)
  eden space 120320K, 100% used [0x00000000eab00000,0x00000000f2080000,0x00000000f2080000)
  from space 14848K, 99% used [0x00000000f3380000,0x00000000f41fced8,0x00000000f4200000)
  to   space 19456K, 0% used [0x00000000f2080000,0x00000000f2080000,0x00000000f3380000)
 ParOldGen       total 42496K, used 20741K [0x00000000c0000000, 0x00000000c2980000, 0x00000000eab00000)
  object space 42496K, 48% used [0x00000000c0000000,0x00000000c14415b8,0x00000000c2980000)
 Metaspace       used 6419K, capacity 7256K, committed 7424K, reserved 1056768K
  class space    used 613K, capacity 656K, committed 768K, reserved 1048576K
Event: 18.487 GC heap after
Heap after GC invocations=9 (full 0):
 PSYoungGen      total 135168K, used 135155K [0x00000000eab00000, 0x00000000f4b00000, 0x0000000100000000)
  eden space 120320K, 100% used [0x00000000eab00000,0x00000000f2080000,0x00000000f2080000)
  from space 14848K, 99% used [0x00000000f3380000,0x00000000f41fced8,0x00000000f4200000)
  to   space 19456K, 99% used [0x00000000f2080000,0x00000000f337c198,0x00000000f3380000)
 ParOldGen       total 48128K, used 47686K [0x00000000c0000000, 0x00000000c2f00000, 0x00000000eab00000)
  object space 48128K, 99% used [0x00000000c0000000,0x00000000c2e91a60,0x00000000c2f00000)
 Metaspace       used 6419K, capacity 7256K, committed 7424K, reserved 1056768K
  class space    used 613K, capacity 656K, committed 768K, reserved 1048576K
}
Event: 18.487 GC heap before
{Heap before GC invocations=10 (full 1):
 PSYoungGen      total 135168K, used 135155K [0x00000000eab00000, 0x00000000f4b00000, 0x0000000100000000)
  eden space 120320K, 100% used [0x00000000eab00000,0x00000000f2080000,0x00000000f2080000)
  from space 14848K, 99% used [0x00000000f3380000,0x00000000f41fced8,0x00000000f4200000)
  to   space 19456K, 99% used [0x00000000f2080000,0x00000000f337c198,0x00000000f3380000)
 ParOldGen       total 48128K, used 47686K [0x00000000c0000000, 0x00000000c2f00000, 0x00000000eab00000)
  object space 48128K, 99% used [0x00000000c0000000,0x00000000c2e91a60,0x00000000c2f00000)
 Metaspace       used 6419K, capacity 7256K, committed 7424K, reserved 1056768K
  class space    used 613K, capacity 656K, committed 768K, reserved 1048576K
Event: 21.326 GC heap after
Heap after GC invocations=10 (full 1):
 PSYoungGen      total 135168K, used 0K [0x00000000eab00000, 0x00000000f4b00000, 0x0000000100000000)
  eden space 120320K, 0% used [0x00000000eab00000,0x00000000eab00000,0x00000000f2080000)
  from space 14848K, 0% used [0x00000000f3380000,0x00000000f3380000,0x00000000f4200000)
  to   space 19456K, 81% used [0x00000000f2080000,0x00000000f2ff36c0,0x00000000f3380000)
 ParOldGen       total 80896K, used 47867K [0x00000000c0000000, 0x00000000c4f00000, 0x00000000eab00000)
  object space 80896K, 59% used [0x00000000c0000000,0x00000000c2ebed40,0x00000000c4f00000)
 Metaspace       used 6419K, capacity 7256K, committed 7424K, reserved 1056768K
  class space    used 613K, capacity 656K, committed 768K, reserved 1048576K
}
Event: 26.732 GC heap before
{Heap before GC invocations=11 (full 2):
 PSYoungGen      total 135168K, used 120320K [0x00000000eab00000, 0x00000000f4b00000, 0x0000000100000000)
  eden space 120320K, 100% used [0x00000000eab00000,0x00000000f2080000,0x00000000f2080000)
  from space 14848K, 0% used [0x00000000f3380000,0x00000000f3380000,0x00000000f4200000)
  to   space 19456K, 81% used [0x00000000f2080000,0x00000000f2ff36c0,0x00000000f3380000)
 ParOldGen       total 80896K, used 47867K [0x00000000c0000000, 0x00000000c4f00000, 0x00000000eab00000)
  object space 80896K, 59% used [0x00000000c0000000,0x00000000c2ebed40,0x00000000c4f00000)
 Metaspace       used 6449K, capacity 7256K, committed 7424K, reserved 1056768K
  class space    used 613K, capacity 656K, committed 768K, reserved 1048576K
Event: 29.717 GC heap after
Heap after GC invocations=11 (full 2):
 PSYoungGen      total 135168K, used 38081K [0x00000000eab00000, 0x00000000f4b00000, 0x0000000100000000)
  eden space 120320K, 31% used [0x00000000eab00000,0x00000000ed0304d8,0x00000000f2080000)
  from space 14848K, 0% used [0x00000000f3380000,0x00000000f3380000,0x00000000f4200000)
  to   space 19456K, 0% used [0x00000000f2080000,0x00000000f2080000,0x00000000f3380000)
 ParOldGen       total 133632K, used 80723K [0x00000000c0000000, 0x00000000c8280000, 0x00000000eab00000)
  object space 133632K, 60% used [0x00000000c0000000,0x00000000c4ed4cc8,0x00000000c8280000)
 Metaspace       used 6449K, capacity 7256K, committed 7424K, reserved 1056768K
  class space    used 613K, capacity 656K, committed 768K, reserved 1048576K
}
Event: 30.001 GC heap before
{Heap before GC invocations=12 (full 2):
 PSYoungGen      total 135168K, used 120320K [0x00000000eab00000, 0x00000000f4b00000, 0x0000000100000000)
  eden space 120320K, 100% used [0x00000000eab00000,0x00000000f2080000,0x00000000f2080000)
  from space 14848K, 0% used [0x00000000f3380000,0x00000000f3380000,0x00000000f4200000)
  to   space 19456K, 0% used [0x00000000f2080000,0x00000000f2080000,0x00000000f3380000)
 ParOldGen       total 133632K, used 80723K [0x00000000c0000000, 0x00000000c8280000, 0x00000000eab00000)
  object space 133632K, 60% used [0x00000000c0000000,0x00000000c4ed4cc8,0x00000000c8280000)
 Metaspace       used 6455K, capacity 7256K, committed 7424K, reserved 1056768K
  class space    used 613K, capacity 656K, committed 768K, reserved 1048576K
Event: 30.815 GC heap after
Heap after GC invocations=12 (full 2):
 PSYoungGen      total 139776K, used 19443K [0x00000000eab00000, 0x00000000f9400000, 0x0000000100000000)
  eden space 120320K, 0% used [0x00000000eab00000,0x00000000eab00000,0x00000000f2080000)
  from space 19456K, 99% used [0x00000000f2080000,0x00000000f337cf80,0x00000000f3380000)
  to   space 50176K, 0% used [0x00000000f6300000,0x00000000f6300000,0x00000000f9400000)
 ParOldGen       total 148992K, used 148719K [0x00000000c0000000, 0x00000000c9180000, 0x00000000eab00000)
  object space 148992K, 99% used [0x00000000c0000000,0x00000000c913bcc8,0x00000000c9180000)
 Metaspace       used 6455K, capacity 7256K, committed 7424K, reserved 1056768K
  class space    used 613K, capacity 656K, committed 768K, reserved 1048576K
}
Event: 30.815 GC heap before
{Heap before GC invocations=13 (full 3):
 PSYoungGen      total 139776K, used 19443K [0x00000000eab00000, 0x00000000f9400000, 0x0000000100000000)
  eden space 120320K, 0% used [0x00000000eab00000,0x00000000eab00000,0x00000000f2080000)
  from space 19456K, 99% used [0x00000000f2080000,0x00000000f337cf80,0x00000000f3380000)
  to   space 50176K, 0% used [0x00000000f6300000,0x00000000f6300000,0x00000000f9400000)
 ParOldGen       total 148992K, used 148719K [0x00000000c0000000, 0x00000000c9180000, 0x00000000eab00000)
  object space 148992K, 99% used [0x00000000c0000000,0x00000000c913bcc8,0x00000000c9180000)
 Metaspace       used 6455K, capacity 7256K, committed 7424K, reserved 1056768K
  class space    used 613K, capacity 656K, committed 768K, reserved 1048576K

Deoptimization events (10 events):
Event: 7.887 Thread 0x00007f4030157000 Uncommon trap: reason=unstable_if action=reinterpret pc=0x00007f4020cfd544 method=com.android.dx.util.IntList.binarysearch(I)I @ 105
Event: 8.056 Thread 0x00007f403000a000 Uncommon trap: reason=bimorphic action=maybe_recompile pc=0x00007f4020bde604 method=java.util.HashMap.getNode(ILjava/lang/Object;)Ljava/util/HashMap$Node; @ 126
Event: 8.316 Thread 0x00007f4030157000 Uncommon trap: reason=bimorphic action=maybe_recompile pc=0x00007f4020bde604 method=java.util.HashMap.getNode(ILjava/lang/Object;)Ljava/util/HashMap$Node; @ 126
Event: 8.439 Thread 0x00007f403000a000 Uncommon trap: reason=unstable_if action=reinterpret pc=0x00007f4020d1d43c method=com.android.dx.ssa.SsaMethod.updateOneDefinition(Lcom/android/dx/ssa/SsaInsn;Lcom/android/dx/rop/code/RegisterSpec;)V @ 4
Event: 9.647 Thread 0x00007f4030150800 Uncommon trap: reason=unstable_if action=reinterpret pc=0x00007f4020c76478 method=java.util.HashMap.putVal(ILjava/lang/Object;Ljava/lang/Object;ZZ)Ljava/lang/Object; @ 162
Event: 9.678 Thread 0x00007f4030154800 Uncommon trap: reason=unstable_if action=reinterpret pc=0x00007f4020bde5ec method=java.util.HashMap.getNode(ILjava/lang/Object;)Ljava/util/HashMap$Node; @ 84
Event: 9.679 Thread 0x00007f4030154800 Uncommon trap: reason=unstable_if action=reinterpret pc=0x00007f4020bef880 method=java.util.HashMap.getNode(ILjava/lang/Object;)Ljava/util/HashMap$Node; @ 84
Event: 11.116 Thread 0x00007f403000a000 Uncommon trap: reason=unstable_if action=reinterpret pc=0x00007f4020e860c0 method=java.util.HashMap.putVal(ILjava/lang/Object;Ljava/lang/Object;ZZ)Ljava/lang/Object; @ 109
Event: 14.844 Thread 0x00007f403000a000 Uncommon trap: reason=unstable_if action=reinterpret pc=0x00007f4020ed81d8 method=com.android.dx.ssa.SCCP.simulateStmt(Lcom/android/dx/ssa/SsaInsn;)V @ 59
Event: 22.245 Thread 0x00007f403000a000 Uncommon trap: reason=unstable_if action=reinterpret pc=0x00007f4020feda64 method=com.android.dx.cf.code.ByteCatchList.typeNotFound(Lcom/android/dx/cf/code/ByteCatchList$Item;[Lcom/android/dx/cf/code/ByteCatchList$Item;I)Z @ 34

Internal exceptions (5 events):
Event: 0.229 Thread 0x00007f403000a000 Exception <a 'java/lang/NoSuchMethodError': Method sun.misc.Unsafe.defineClass(Ljava/lang/String;[BII)Ljava/lang/Class; name or signature does not match> (0x00000000eab07cc0) thrown at [/HUDSON/workspace/8-2-build-linux-amd64/jdk8u77/6540/hotspot/src/shar
Event: 0.230 Thread 0x00007f403000a000 Exception <a 'java/lang/NoSuchMethodError': Method sun.misc.Unsafe.prefetchRead(Ljava/lang/Object;J)V name or signature does not match> (0x00000000eab07fa8) thrown at [/HUDSON/workspace/8-2-build-linux-amd64/jdk8u77/6540/hotspot/src/share/vm/prims/jni.cpp
Event: 9.650 Thread 0x00007f4030150800 Exception <a 'java/lang/ArrayIndexOutOfBoundsException': 18> (0x00000000eb0a1d30) thrown at [/HUDSON/workspace/8-2-build-linux-amd64/jdk8u77/6540/hotspot/src/share/vm/interpreter/interpreterRuntime.cpp, line 366]
Event: 9.650 Thread 0x00007f4030150800 Exception <a 'java/lang/ArrayIndexOutOfBoundsException': 145> (0x00000000eb0a38b0) thrown at [/HUDSON/workspace/8-2-build-linux-amd64/jdk8u77/6540/hotspot/src/share/vm/interpreter/interpreterRuntime.cpp, line 366]
Event: 9.658 Thread 0x00007f4030150800 Exception <a 'java/lang/ArrayIndexOutOfBoundsException': 40> (0x00000000eb0a4b98) thrown at [/HUDSON/workspace/8-2-build-linux-amd64/jdk8u77/6540/hotspot/src/share/vm/interpreter/interpreterRuntime.cpp, line 366]

Events (10 events):
Event: 29.866 Thread 0x00007f4030154800 DEOPT UNPACKING pc=0x00007f4020a0e633 sp=0x00007f400731ad28 mode 0
Event: 29.867 Thread 0x00007f4030154800 DEOPT PACKING pc=0x00007f4020cc5361 sp=0x00007f400731aff0
Event: 29.867 Thread 0x00007f4030154800 DEOPT UNPACKING pc=0x00007f4020a0e633 sp=0x00007f400731ad28 mode 0
Event: 29.945 Thread 0x00007f4030154800 DEOPT PACKING pc=0x00007f4020cc5361 sp=0x00007f400731aff0
Event: 29.945 Thread 0x00007f4030154800 DEOPT UNPACKING pc=0x00007f4020a0e633 sp=0x00007f400731ad28 mode 0
Event: 29.947 Thread 0x00007f4030154800 DEOPT PACKING pc=0x00007f4020cc5361 sp=0x00007f400731aff0
Event: 29.947 Thread 0x00007f4030154800 DEOPT UNPACKING pc=0x00007f4020a0e633 sp=0x00007f400731ad28 mode 0
Event: 29.975 Thread 0x00007f4030150800 DEOPT PACKING pc=0x00007f4020cc5361 sp=0x00007f400741be70
Event: 29.975 Thread 0x00007f4030150800 DEOPT UNPACKING pc=0x00007f4020a0e633 sp=0x00007f400741bba8 mode 0
Event: 29.975 Executing VM operation: ParallelGCFailedAllocation


Dynamic libraries:
00400000-00401000 r-xp 00000000 08:02 2651326                            /usr/lib/jvm/java-8-oracle/bin/java
00600000-00601000 rw-p 00000000 08:02 2651326                            /usr/lib/jvm/java-8-oracle/bin/java
00bde000-00bff000 rw-p 00000000 00:00 0                                  [heap]
c0000000-c9180000 rw-p 00000000 00:00 0 
cf500000-eab00000 ---p 00000000 00:00 0 
eab00000-f9400000 rw-p 00000000 00:00 0 
f9400000-100000000 ---p 00000000 00:00 0 
100000000-1000c0000 rw-p 00000000 00:00 0 
1000c0000-140000000 ---p 00000000 00:00 0 
7f3fd0000000-7f3fd002c000 rw-p 00000000 00:00 0 
7f3fd002c000-7f3fd4000000 ---p 00000000 00:00 0 
7f3fd4000000-7f3fd4021000 rw-p 00000000 00:00 0 
7f3fd4021000-7f3fd8000000 ---p 00000000 00:00 0 
7f3fd8000000-7f3fd8021000 rw-p 00000000 00:00 0 
7f3fd8021000-7f3fdc000000 ---p 00000000 00:00 0 
7f3fdc000000-7f3fdc038000 rw-p 00000000 00:00 0 
7f3fdc038000-7f3fe0000000 ---p 00000000 00:00 0 
7f3fe0000000-7f3fe0021000 rw-p 00000000 00:00 0 
7f3fe0021000-7f3fe4000000 ---p 00000000 00:00 0 
7f3fe4000000-7f3fe4021000 rw-p 00000000 00:00 0 
7f3fe4021000-7f3fe8000000 ---p 00000000 00:00 0 
7f3fe8000000-7f3fe891e000 rw-p 00000000 00:00 0 
7f3fe891e000-7f3fec000000 ---p 00000000 00:00 0 
7f3fec000000-7f3fec021000 rw-p 00000000 00:00 0 
7f3fec021000-7f3ff0000000 ---p 00000000 00:00 0 
7f3ff0000000-7f3ff18cf000 rw-p 00000000 00:00 0 
7f3ff18cf000-7f3ff4000000 ---p 00000000 00:00 0 
7f3ff4000000-7f3ff4e4d000 rw-p 00000000 00:00 0 
7f3ff4e4d000-7f3ff8000000 ---p 00000000 00:00 0 
7f3ff8000000-7f3ff8021000 rw-p 00000000 00:00 0 
7f3ff8021000-7f3ffc000000 ---p 00000000 00:00 0 
7f3ffc000000-7f3ffc021000 rw-p 00000000 00:00 0 
7f3ffc021000-7f4000000000 ---p 00000000 00:00 0 
7f4000000000-7f4000021000 rw-p 00000000 00:00 0 
7f4000021000-7f4004000000 ---p 00000000 00:00 0 
7f400711b000-7f400711e000 ---p 00000000 00:00 0 
7f400711e000-7f400721c000 rw-p 00000000 00:00 0 
7f400721c000-7f400721f000 ---p 00000000 00:00 0 
7f400721f000-7f400731d000 rw-p 00000000 00:00 0 
7f400731d000-7f4007320000 ---p 00000000 00:00 0 
7f4007320000-7f400741e000 rw-p 00000000 00:00 0 
7f400741e000-7f4007421000 ---p 00000000 00:00 0 
7f4007421000-7f400751f000 rw-p 00000000 00:00 0 
7f400751f000-7f4007522000 ---p 00000000 00:00 0 
7f4007522000-7f4007620000 rw-p 00000000 00:00 0 
7f4007620000-7f4007621000 ---p 00000000 00:00 0 
7f4007621000-7f4007721000 rw-p 00000000 00:00 0 
7f4007721000-7f4007724000 ---p 00000000 00:00 0 
7f4007724000-7f4007822000 rw-p 00000000 00:00 0 
7f4007822000-7f4007825000 ---p 00000000 00:00 0 
7f4007825000-7f4007923000 rw-p 00000000 00:00 0 
7f4007923000-7f4007926000 ---p 00000000 00:00 0 
7f4007926000-7f4007a24000 rw-p 00000000 00:00 0 
7f4007a24000-7f4007a27000 ---p 00000000 00:00 0 
7f4007a27000-7f4007b25000 rw-p 00000000 00:00 0 
7f4007b25000-7f4007b28000 ---p 00000000 00:00 0 
7f4007b28000-7f4007c26000 rw-p 00000000 00:00 0 
7f4007c26000-7f4007eff000 r--p 00000000 08:02 1189740                    /usr/lib/locale/locale-archive
7f4007eff000-7f4007f02000 ---p 00000000 00:00 0 
7f4007f02000-7f4008000000 rw-p 00000000 00:00 0 
7f4008000000-7f4008021000 rw-p 00000000 00:00 0 
7f4008021000-7f400c000000 ---p 00000000 00:00 0 
7f400c000000-7f400c2a6000 rw-p 00000000 00:00 0 
7f400c2a6000-7f4010000000 ---p 00000000 00:00 0 
7f4010000000-7f4010021000 rw-p 00000000 00:00 0 
7f4010021000-7f4014000000 ---p 00000000 00:00 0 
7f4014000000-7f4014021000 rw-p 00000000 00:00 0 
7f4014021000-7f4018000000 ---p 00000000 00:00 0 
7f4018000000-7f4018021000 rw-p 00000000 00:00 0 
7f4018021000-7f401c000000 ---p 00000000 00:00 0 
7f401c0c3000-7f401c0db000 r--s 000f5000 08:02 701011                     /home/shiboo/Desktop/LastApp/app/build/intermediates/exploded-aar/com.google.android.gms/play-services-ads/8.4.0/jars/classes.jar
7f401c0db000-7f401c0ea000 r--s 000df000 08:02 135903                     /home/shiboo/Android/Sdk/build-tools/23.0.3/lib/dx.jar
7f401c0ea000-7f401c0ed000 ---p 00000000 00:00 0 
7f401c0ed000-7f401c1eb000 rw-p 00000000 00:00 0 
7f401c1eb000-7f401c1ec000 ---p 00000000 00:00 0 
7f401c1ec000-7f401d25e000 rw-p 00000000 00:00 0 
7f401d25e000-7f401d436000 r--s 03d1e000 08:02 1724943                    /usr/lib/jvm/java-8-oracle/jre/lib/rt.jar
7f401d436000-7f401db2c000 rw-p 00000000 00:00 0 
7f401db2c000-7f401dcac000 ---p 00000000 00:00 0 
7f401dcac000-7f401feac000 rw-p 00000000 00:00 0 
7f401feac000-7f401fead000 ---p 00000000 00:00 0 
7f401fead000-7f401ffad000 rw-p 00000000 00:00 0 
7f401ffad000-7f401ffae000 ---p 00000000 00:00 0 
7f401ffae000-7f40200ae000 rw-p 00000000 00:00 0 
7f40200ae000-7f40200af000 ---p 00000000 00:00 0 
7f40200af000-7f40201af000 rw-p 00000000 00:00 0 
7f40201af000-7f40201b0000 ---p 00000000 00:00 0 
7f40201b0000-7f40202f9000 rw-p 00000000 00:00 0 
7f40202f9000-7f4020406000 ---p 00000000 00:00 0 
7f4020406000-7f402044f000 rw-p 00000000 00:00 0 
7f402044f000-7f402055b000 ---p 00000000 00:00 0 
7f402055b000-7f40205d0000 rw-p 00000000 00:00 0 
7f40205d0000-7f4020606000 ---p 00000000 00:00 0 
7f4020606000-7f4020625000 rw-p 00000000 00:00 0 
7f4020625000-7f40209c7000 ---p 00000000 00:00 0 
7f40209c7000-7f4021117000 rwxp 00000000 00:00 0 
7f4021117000-7f402f9c7000 ---p 00000000 00:00 0 
7f402f9c7000-7f402f9e1000 r-xp 00000000 08:02 1725089                    /usr/lib/jvm/java-8-oracle/jre/lib/amd64/libzip.so
7f402f9e1000-7f402fbe1000 ---p 0001a000 08:02 1725089                    /usr/lib/jvm/java-8-oracle/jre/lib/amd64/libzip.so
7f402fbe1000-7f402fbe2000 rw-p 0001a000 08:02 1725089                    /usr/lib/jvm/java-8-oracle/jre/lib/amd64/libzip.so
7f402fbe2000-7f402fbed000 r-xp 00000000 08:02 1973778                    /lib/x86_64-linux-gnu/libnss_files-2.23.so
7f402fbed000-7f402fdec000 ---p 0000b000 08:02 1973778                    /lib/x86_64-linux-gnu/libnss_files-2.23.so
7f402fdec000-7f402fded000 r--p 0000a000 08:02 1973778                    /lib/x86_64-linux-gnu/libnss_files-2.23.so
7f402fded000-7f402fdee000 rw-p 0000b000 08:02 1973778                    /lib/x86_64-linux-gnu/libnss_files-2.23.so
7f402fdee000-7f402fdf4000 rw-p 00000000 00:00 0 
7f402fdf4000-7f402fdff000 r-xp 00000000 08:02 1973769                    /lib/x86_64-linux-gnu/libnss_nis-2.23.so
7f402fdff000-7f402fffe000 ---p 0000b000 08:02 1973769                    /lib/x86_64-linux-gnu/libnss_nis-2.23.so
7f402fffe000-7f402ffff000 r--p 0000a000 08:02 1973769                    /lib/x86_64-linux-gnu/libnss_nis-2.23.so
7f402ffff000-7f4030000000 rw-p 0000b000 08:02 1973769                    /lib/x86_64-linux-gnu/libnss_nis-2.23.so
7f4030000000-7f403038d000 rw-p 00000000 00:00 0 
7f403038d000-7f4034000000 ---p 00000000 00:00 0 
7f4034009000-7f403404b000 rw-p 00000000 00:00 0 
7f403404b000-7f4034061000 r-xp 00000000 08:02 1970659                    /lib/x86_64-linux-gnu/libnsl-2.23.so
7f4034061000-7f4034260000 ---p 00016000 08:02 1970659                    /lib/x86_64-linux-gnu/libnsl-2.23.so
7f4034260000-7f4034261000 r--p 00015000 08:02 1970659                    /lib/x86_64-linux-gnu/libnsl-2.23.so
7f4034261000-7f4034262000 rw-p 00016000 08:02 1970659                    /lib/x86_64-linux-gnu/libnsl-2.23.so
7f4034262000-7f4034264000 rw-p 00000000 00:00 0 
7f4034264000-7f403426c000 r-xp 00000000 08:02 1970655                    /lib/x86_64-linux-gnu/libnss_compat-2.23.so
7f403426c000-7f403446b000 ---p 00008000 08:02 1970655                    /lib/x86_64-linux-gnu/libnss_compat-2.23.so
7f403446b000-7f403446c000 r--p 00007000 08:02 1970655                    /lib/x86_64-linux-gnu/libnss_compat-2.23.so
7f403446c000-7f403446d000 rw-p 00008000 08:02 1970655                    /lib/x86_64-linux-gnu/libnss_compat-2.23.so
7f403446d000-7f4034497000 r-xp 00000000 08:02 1725084                    /usr/lib/jvm/java-8-oracle/jre/lib/amd64/libjava.so
7f4034497000-7f4034697000 ---p 0002a000 08:02 1725084                    /usr/lib/jvm/java-8-oracle/jre/lib/amd64/libjava.so
7f4034697000-7f4034699000 rw-p 0002a000 08:02 1725084                    /usr/lib/jvm/java-8-oracle/jre/lib/amd64/libjava.so
7f4034699000-7f40346a6000 r-xp 00000000 08:02 1725088                    /usr/lib/jvm/java-8-oracle/jre/lib/amd64/libverify.so
7f40346a6000-7f40348a6000 ---p 0000d000 08:02 1725088                    /usr/lib/jvm/java-8-oracle/jre/lib/amd64/libverify.so
7f40348a6000-7f40348a8000 rw-p 0000d000 08:02 1725088                    /usr/lib/jvm/java-8-oracle/jre/lib/amd64/libverify.so
7f40348a8000-7f40348af000 r-xp 00000000 08:02 1973787                    /lib/x86_64-linux-gnu/librt-2.23.so
7f40348af000-7f4034aae000 ---p 00007000 08:02 1973787                    /lib/x86_64-linux-gnu/librt-2.23.so
7f4034aae000-7f4034aaf000 r--p 00006000 08:02 1973787                    /lib/x86_64-linux-gnu/librt-2.23.so
7f4034aaf000-7f4034ab0000 rw-p 00007000 08:02 1973787                    /lib/x86_64-linux-gnu/librt-2.23.so
7f4034ab0000-7f4034bb8000 r-xp 00000000 08:02 1973784                    /lib/x86_64-linux-gnu/libm-2.23.so
7f4034bb8000-7f4034db7000 ---p 00108000 08:02 1973784                    /lib/x86_64-linux-gnu/libm-2.23.so
7f4034db7000-7f4034db8000 r--p 00107000 08:02 1973784                    /lib/x86_64-linux-gnu/libm-2.23.so
7f4034db8000-7f4034db9000 rw-p 00108000 08:02 1973784                    /lib/x86_64-linux-gnu/libm-2.23.so
7f4034db9000-7f4035a78000 r-xp 00000000 08:02 1725111                    /usr/lib/jvm/java-8-oracle/jre/lib/amd64/server/libjvm.so
7f4035a78000-7f4035c77000 ---p 00cbf000 08:02 1725111                    /usr/lib/jvm/java-8-oracle/jre/lib/amd64/server/libjvm.so
7f4035c77000-7f4035d50000 rw-p 00cbe000 08:02 1725111                    /usr/lib/jvm/java-8-oracle/jre/lib/amd64/server/libjvm.so
7f4035d50000-7f4035d99000 rw-p 00000000 00:00 0 
7f4035d99000-7f4035f59000 r-xp 00000000 08:02 1973792                    /lib/x86_64-linux-gnu/libc-2.23.so
7f4035f59000-7f4036158000 ---p 001c0000 08:02 1973792                    /lib/x86_64-linux-gnu/libc-2.23.so
7f4036158000-7f403615c000 r--p 001bf000 08:02 1973792                    /lib/x86_64-linux-gnu/libc-2.23.so
7f403615c000-7f403615e000 rw-p 001c3000 08:02 1973792                    /lib/x86_64-linux-gnu/libc-2.23.so
7f403615e000-7f4036162000 rw-p 00000000 00:00 0 
7f4036162000-7f4036165000 r-xp 00000000 08:02 1973793                    /lib/x86_64-linux-gnu/libdl-2.23.so
7f4036165000-7f4036364000 ---p 00003000 08:02 1973793                    /lib/x86_64-linux-gnu/libdl-2.23.so
7f4036364000-7f4036365000 r--p 00002000 08:02 1973793                    /lib/x86_64-linux-gnu/libdl-2.23.so
7f4036365000-7f4036366000 rw-p 00003000 08:02 1973793                    /lib/x86_64-linux-gnu/libdl-2.23.so
7f4036366000-7f403637b000 r-xp 00000000 08:02 1589187                    /usr/lib/jvm/java-8-oracle/lib/amd64/jli/libjli.so
7f403637b000-7f403657b000 ---p 00015000 08:02 1589187                    /usr/lib/jvm/java-8-oracle/lib/amd64/jli/libjli.so
7f403657b000-7f403657c000 rw-p 00015000 08:02 1589187                    /usr/lib/jvm/java-8-oracle/lib/amd64/jli/libjli.so
7f403657c000-7f4036594000 r-xp 00000000 08:02 1973791                    /lib/x86_64-linux-gnu/libpthread-2.23.so
7f4036594000-7f4036793000 ---p 00018000 08:02 1973791                    /lib/x86_64-linux-gnu/libpthread-2.23.so
7f4036793000-7f4036794000 r--p 00017000 08:02 1973791                    /lib/x86_64-linux-gnu/libpthread-2.23.so
7f4036794000-7f4036795000 rw-p 00018000 08:02 1973791                    /lib/x86_64-linux-gnu/libpthread-2.23.so
7f4036795000-7f4036799000 rw-p 00000000 00:00 0 
7f4036799000-7f40367bf000 r-xp 00000000 08:02 1973788                    /lib/x86_64-linux-gnu/ld-2.23.so
7f40367c3000-7f4036895000 rw-p 00000000 00:00 0 
7f4036895000-7f4036898000 ---p 00000000 00:00 0 
7f4036898000-7f403699a000 rw-p 00000000 00:00 0 
7f403699e000-7f40369b2000 rw-p 00000000 00:00 0 
7f40369b2000-7f40369ba000 rw-s 00000000 08:02 1311095                    /tmp/hsperfdata_shiboo/3922
7f40369ba000-7f40369bb000 rw-p 00000000 00:00 0 
7f40369bb000-7f40369bc000 ---p 00000000 00:00 0 
7f40369bc000-7f40369be000 rw-p 00000000 00:00 0 
7f40369be000-7f40369bf000 r--p 00025000 08:02 1973788                    /lib/x86_64-linux-gnu/ld-2.23.so
7f40369bf000-7f40369c0000 rw-p 00026000 08:02 1973788                    /lib/x86_64-linux-gnu/ld-2.23.so
7f40369c0000-7f40369c1000 rw-p 00000000 00:00 0 
7ffe36a61000-7ffe36a83000 rw-p 00000000 00:00 0                          [stack]
7ffe36ab5000-7ffe36ab7000 r--p 00000000 00:00 0                          [vvar]
7ffe36ab7000-7ffe36ab9000 r-xp 00000000 00:00 0                          [vdso]
ffffffffff600000-ffffffffff601000 r-xp 00000000 00:00 0                  [vsyscall]

VM Arguments:
jvm_args: -Djava.awt.headless=true -Xmx1024M -Dfile.encoding=UTF-8 -Duser.country=US -Duser.language=en -Duser.variant 
java_command: com.android.dx.command.Main --dex --num-threads=4 --output /home/shiboo/Desktop/LastApp/app/build/intermediates/pre-dexed/debug/com.google.android.gms-play-services-ads-8.4.0_d9d02b42dbed42684fac5e34a612ad5f6d24979b.jar /home/shiboo/Desktop/LastApp/app/build/intermediates/exploded-aar/com.google.android.gms/play-services-ads/8.4.0/jars/classes.jar
java_class_path (initial): /home/shiboo/Android/Sdk/build-tools/23.0.3/lib/dx.jar
Launcher Type: SUN_STANDARD

Environment Variables:
JAVA_HOME=/usr/lib/jvm/java-6-sun
PATH=/usr/local/sbin:/usr/local/bin:/usr/sbin:/usr/bin:/sbin:/bin:/usr/games:/usr/local/games:/snap/bin:/usr/local/hadoop/bin:/usr/local/hadoop/sbin:/usr/local/hadoop/bin
LD_LIBRARY_PATH=Desktop/android-studio/bin:
SHELL=/bin/bash
DISPLAY=:0

Signal Handlers:
SIGSEGV: [libjvm.so+0xabb070], sa_mask[0]=11111111011111111101111111111110, sa_flags=SA_RESTART|SA_SIGINFO
SIGBUS: [libjvm.so+0xabb070], sa_mask[0]=11111111011111111101111111111110, sa_flags=SA_RESTART|SA_SIGINFO
SIGFPE: [libjvm.so+0x918480], sa_mask[0]=11111111011111111101111111111110, sa_flags=SA_RESTART|SA_SIGINFO
SIGPIPE: [libjvm.so+0x918480], sa_mask[0]=11111111011111111101111111111110, sa_flags=SA_RESTART|SA_SIGINFO
SIGXFSZ: [libjvm.so+0x918480], sa_mask[0]=11111111011111111101111111111110, sa_flags=SA_RESTART|SA_SIGINFO
SIGILL: [libjvm.so+0x918480], sa_mask[0]=11111111011111111101111111111110, sa_flags=SA_RESTART|SA_SIGINFO
SIGUSR1: SIG_DFL, sa_mask[0]=00000000000000000000000000000000, sa_flags=none
SIGUSR2: [libjvm.so+0x919ab0], sa_mask[0]=00100000000000000000000000000000, sa_flags=SA_RESTART|SA_SIGINFO
SIGHUP: [libjvm.so+0x91aeb0], sa_mask[0]=11111111011111111101111111111110, sa_flags=SA_RESTART|SA_SIGINFO
SIGINT: [libjvm.so+0x91aeb0], sa_mask[0]=11111111011111111101111111111110, sa_flags=SA_RESTART|SA_SIGINFO
SIGTERM: [libjvm.so+0x91aeb0], sa_mask[0]=11111111011111111101111111111110, sa_flags=SA_RESTART|SA_SIGINFO
SIGQUIT: [libjvm.so+0x91aeb0], sa_mask[0]=11111111011111111101111111111110, sa_flags=SA_RESTART|SA_SIGINFO


---------------  S Y S T E M  ---------------

OS:DISTRIB_ID=Ubuntu
DISTRIB_RELEASE=16.04
DISTRIB_CODENAME=xenial
DISTRIB_DESCRIPTION="Ubuntu 16.04 LTS"

uname:Linux 4.4.0-21-generic #37-Ubuntu SMP Mon Apr 18 18:33:37 UTC 2016 x86_64
libc:glibc 2.23 NPTL 2.23 
rlimit: STACK 8192k, CORE 0k, NPROC 15305, NOFILE 65536, AS infinity
load average:15.30 5.74 2.89

/proc/meminfo:
MemTotal:        3956412 kB
MemFree:          129504 kB
MemAvailable:     166308 kB
Buffers:            1276 kB
Cached:            49772 kB
SwapCached:            0 kB
Active:          3569696 kB
Inactive:          37788 kB
Active(anon):    3558952 kB
Inactive(anon):    21948 kB
Active(file):      10744 kB
Inactive(file):    15840 kB
Unevictable:          48 kB
Mlocked:              48 kB
SwapTotal:             0 kB
SwapFree:              0 kB
Dirty:               804 kB
Writeback:             0 kB
AnonPages:       3556984 kB
Mapped:            79944 kB
Shmem:             23964 kB
Slab:              76652 kB
SReclaimable:      39620 kB
SUnreclaim:        37032 kB
KernelStack:       10944 kB
PageTables:        38240 kB
NFS_Unstable:          0 kB
Bounce:                0 kB
WritebackTmp:          0 kB
CommitLimit:     1978204 kB
Committed_AS:    7691720 kB
VmallocTotal:   34359738367 kB
VmallocUsed:           0 kB
VmallocChunk:          0 kB
HardwareCorrupted:     0 kB
AnonHugePages:   1269760 kB
CmaTotal:              0 kB
CmaFree:               0 kB
HugePages_Total:       0
HugePages_Free:        0
HugePages_Rsvd:        0
HugePages_Surp:        0
Hugepagesize:       2048 kB
DirectMap4k:      236608 kB
DirectMap2M:     3868672 kB


CPU:total 4 (2 cores per cpu, 2 threads per core) family 6 model 42 stepping 7, cmov, cx8, fxsr, mmx, sse, sse2, sse3, ssse3, sse4.1, sse4.2, popcnt, avx, aes, clmul, ht, tsc, tscinvbit

/proc/cpuinfo:
processor	: 0
vendor_id	: GenuineIntel
cpu family	: 6
model		: 42
model name	: Intel(R) Core(TM) i5-2410M CPU @ 2.30GHz
stepping	: 7
microcode	: 0x29
cpu MHz		: 830.335
cache size	: 3072 KB
physical id	: 0
siblings	: 4
core id		: 0
cpu cores	: 2
apicid		: 0
initial apicid	: 0
fpu		: yes
fpu_exception	: yes
cpuid level	: 13
wp		: yes
flags		: fpu vme de pse tsc msr pae mce cx8 apic sep mtrr pge mca cmov pat pse36 clflush dts acpi mmx fxsr sse sse2 ss ht tm pbe syscall nx rdtscp lm constant_tsc arch_perfmon pebs bts nopl xtopology nonstop_tsc aperfmperf eagerfpu pni pclmulqdq dtes64 monitor ds_cpl vmx est tm2 ssse3 cx16 xtpr pdcm pcid sse4_1 sse4_2 x2apic popcnt tsc_deadline_timer aes xsave avx lahf_lm epb tpr_shadow vnmi flexpriority ept vpid xsaveopt dtherm ida arat pln pts
bugs		:
bogomips	: 4589.77
clflush size	: 64
cache_alignment	: 64
address sizes	: 36 bits physical, 48 bits virtual
power management:

processor	: 1
vendor_id	: GenuineIntel
cpu family	: 6
model		: 42
model name	: Intel(R) Core(TM) i5-2410M CPU @ 2.30GHz
stepping	: 7
microcode	: 0x29
cpu MHz		: 897.269
cache size	: 3072 KB
physical id	: 0
siblings	: 4
core id		: 0
cpu cores	: 2
apicid		: 1
initial apicid	: 1
fpu		: yes
fpu_exception	: yes
cpuid level	: 13
wp		: yes
flags		: fpu vme de pse tsc msr pae mce cx8 apic sep mtrr pge mca cmov pat pse36 clflush dts acpi mmx fxsr sse sse2 ss ht tm pbe syscall nx rdtscp lm constant_tsc arch_perfmon pebs bts nopl xtopology nonstop_tsc aperfmperf eagerfpu pni pclmulqdq dtes64 monitor ds_cpl vmx est tm2 ssse3 cx16 xtpr pdcm pcid sse4_1 sse4_2 x2apic popcnt tsc_deadline_timer aes xsave avx lahf_lm epb tpr_shadow vnmi flexpriority ept vpid xsaveopt dtherm ida arat pln pts
bugs		:
bogomips	: 4589.77
clflush size	: 64
cache_alignment	: 64
address sizes	: 36 bits physical, 48 bits virtual
power management:

processor	: 2
vendor_id	: GenuineIntel
cpu family	: 6
model		: 42
model name	: Intel(R) Core(TM) i5-2410M CPU @ 2.30GHz
stepping	: 7
microcode	: 0x29
cpu MHz		: 859.894
cache size	: 3072 KB
physical id	: 0
siblings	: 4
core id		: 1
cpu cores	: 2
apicid		: 2
initial apicid	: 2
fpu		: yes
fpu_exception	: yes
cpuid level	: 13
wp		: yes
flags		: fpu vme de pse tsc msr pae mce cx8 apic sep mtrr pge mca cmov pat pse36 clflush dts acpi mmx fxsr sse sse2 ss ht tm pbe syscall nx rdtscp lm constant_tsc arch_perfmon pebs bts nopl xtopology nonstop_tsc aperfmperf eagerfpu pni pclmulqdq dtes64 monitor ds_cpl vmx est tm2 ssse3 cx16 xtpr pdcm pcid sse4_1 sse4_2 x2apic popcnt tsc_deadline_timer aes xsave avx lahf_lm epb tpr_shadow vnmi flexpriority ept vpid xsaveopt dtherm ida arat pln pts
bugs		:
bogomips	: 4589.77
clflush size	: 64
cache_alignment	: 64
address sizes	: 36 bits physical, 48 bits virtual
power management:

processor	: 3
vendor_id	: GenuineIntel
cpu family	: 6
model		: 42
model name	: Intel(R) Core(TM) i5-2410M CPU @ 2.30GHz
stepping	: 7
microcode	: 0x29
cpu MHz		: 864.207
cache size	: 3072 KB
physical id	: 0
siblings	: 4
core id		: 1
cpu cores	: 2
apicid		: 3
initial apicid	: 3
fpu		: yes
fpu_exception	: yes
cpuid level	: 13
wp		: yes
flags		: fpu vme de pse tsc msr pae mce cx8 apic sep mtrr pge mca cmov pat pse36 clflush dts acpi mmx fxsr sse sse2 ss ht tm pbe syscall nx rdtscp lm constant_tsc arch_perfmon pebs bts nopl xtopology nonstop_tsc aperfmperf eagerfpu pni pclmulqdq dtes64 monitor ds_cpl vmx est tm2 ssse3 cx16 xtpr pdcm pcid sse4_1 sse4_2 x2apic popcnt tsc_deadline_timer aes xsave avx lahf_lm epb tpr_shadow vnmi flexpriority ept vpid xsaveopt dtherm ida arat pln pts
bugs		:
bogomips	: 4589.77
clflush size	: 64
cache_alignment	: 64
address sizes	: 36 bits physical, 48 bits virtual
power management:



Memory: 4k page, physical 3956412k(129504k free), swap 0k(0k free)

vm_info: Java HotSpot(TM) 64-Bit Server VM (25.77-b03) for linux-amd64 JRE (1.8.0_77-b03), built on Mar 20 2016 22:00:46 by "java_re" with gcc 4.3.0 20080428 (Red Hat 4.3.0-8)

time: Sat Apr 23 22:10:33 2016
elapsed time: 42 seconds (0d 0h 0m 42s)

